<?xml version="1.0" encoding="UTF-8"?>
<!-- Generated by org.testng.reporters.JUnitReportReporter -->
<testsuite skipped="0" hostname="DESKTOP-E2LC1BH" name="datadriven.DependenyAnnotion" tests="7" failures="0" timestamp="22 九月 2017 08:17:03 GMT" time="9.097" errors="1">
  <testcase name="something" time="0.001" classname="datadriven.DependenyAnnotion"/>
  <testcase name="openingBrowser" time="6.102" classname="datadriven.DependenyAnnotion"/>
  <testcase name="something2" time="0.000" classname="datadriven.DependenyAnnotion"/>
  <testcase name="Login" time="2.992" classname="datadriven.DependenyAnnotion"/>
  <testcase name="payment" time="0.001" classname="datadriven.DependenyAnnotion"/>
  <testcase name="check" time="0.001" classname="datadriven.DependenyAnnotion"/>
  <testcase name="datatest" time="0.000" classname="datadriven.DependenyAnnotion">
    <error type="org.testng.TestNGException" message="
Parameter &#039;adminUserid&#039; is required by @Test on method datatest but has not been marked @Optional or defined
in C:\Users\HAOSHU\AppData\Local\Temp\testng-eclipse--1917141151\testng-customsuite.xml">
      <![CDATA[org.testng.TestNGException: 
Parameter 'adminUserid' is required by @Test on method datatest but has not been marked @Optional or defined
in C:\Users\HAOSHU\AppData\Local\Temp\testng-eclipse--1917141151\testng-customsuite.xml
	at org.testng.internal.Parameters.createParams(Parameters.java:248)
	at org.testng.internal.Parameters.createParametersForMethod(Parameters.java:286)
	at org.testng.internal.Parameters.createParameters(Parameters.java:547)
	at org.testng.internal.Parameters.handleParameters(Parameters.java:672)
	at org.testng.internal.Invoker.handleParameters(Invoker.java:1316)
	at org.testng.internal.Invoker.createParameters(Invoker.java:1044)
	at org.testng.internal.Invoker.invokeTestMethods(Invoker.java:1134)
	at org.testng.internal.TestMethodWorker.invokeTestMethods(TestMethodWorker.java:125)
	at org.testng.internal.TestMethodWorker.run(TestMethodWorker.java:109)
	at org.testng.TestRunner.privateRun(TestRunner.java:776)
	at org.testng.TestRunner.run(TestRunner.java:634)
	at org.testng.SuiteRunner.runTest(SuiteRunner.java:425)
	at org.testng.SuiteRunner.runSequentially(SuiteRunner.java:420)
	at org.testng.SuiteRunner.privateRun(SuiteRunner.java:385)
	at org.testng.SuiteRunner.run(SuiteRunner.java:334)
	at org.testng.SuiteRunnerWorker.runSuite(SuiteRunnerWorker.java:52)
	at org.testng.SuiteRunnerWorker.run(SuiteRunnerWorker.java:86)
	at org.testng.TestNG.runSuitesSequentially(TestNG.java:1318)
	at org.testng.TestNG.runSuitesLocally(TestNG.java:1243)
	at org.testng.TestNG.runSuites(TestNG.java:1161)
	at org.testng.TestNG.run(TestNG.java:1129)
	at org.testng.remote.AbstractRemoteTestNG.run(AbstractRemoteTestNG.java:114)
	at org.testng.remote.RemoteTestNG.initAndRun(RemoteTestNG.java:251)
	at org.testng.remote.RemoteTestNG.main(RemoteTestNG.java:77)
]]>
    </error>
  </testcase> <!-- datatest -->
</testsuite> <!-- datadriven.DependenyAnnotion -->
